<?xml version="1.0" encoding="UTF-8" ?>
<testsuite tests="18" failures="0" name="edu.uw.cs.FlightServiceTest" time="60.151" errors="0" skipped="0">
  <properties>
    <property name="java.runtime.name" value="OpenJDK Runtime Environment"/>
    <property name="java.vm.version" value="11.0.5+10-LTS"/>
    <property name="sun.boot.library.path" value="/usr/lib/jvm/java-11-openjdk-11.0.5.10-0.el7_7.x86_64/lib"/>
    <property name="maven.multiModuleProjectDirectory" value="/homes/iws/mayki/cse344-hw5-mayki/hw5/submission/starter-code"/>
    <property name="java.vm.vendor" value="Oracle Corporation"/>
    <property name="java.vendor.url" value="http://java.oracle.com/"/>
    <property name="guice.disable.misplaced.annotation.check" value="true"/>
    <property name="path.separator" value=":"/>
    <property name="java.vm.name" value="OpenJDK 64-Bit Server VM"/>
    <property name="sun.os.patch.level" value="unknown"/>
    <property name="user.country" value="US"/>
    <property name="sun.java.launcher" value="SUN_STANDARD"/>
    <property name="java.vm.specification.name" value="Java Virtual Machine Specification"/>
    <property name="user.dir" value="/homes/iws/mayki/cse344-hw5-mayki/hw5/submission/starter-code"/>
    <property name="java.vm.compressedOopsMode" value="Zero based"/>
    <property name="java.runtime.version" value="11.0.5+10-LTS"/>
    <property name="java.awt.graphicsenv" value="sun.awt.X11GraphicsEnvironment"/>
    <property name="os.arch" value="amd64"/>
    <property name="java.io.tmpdir" value="/tmp"/>
    <property name="line.separator" value="
"/>
    <property name="java.vm.specification.vendor" value="Oracle Corporation"/>
    <property name="os.name" value="Linux"/>
    <property name="classworlds.conf" value="/opt/rh/rh-maven35/root/usr/share/maven/bin/m2.conf"/>
    <property name="sun.jnu.encoding" value="UTF-8"/>
    <property name="java.library.path" value="/opt/rh/rh-ruby25/root/usr/lib64:/opt/rh/devtoolset-7/root/usr/lib64:/opt/rh/devtoolset-7/root/usr/lib:/usr/java/packages/lib:/usr/lib64:/lib64:/lib:/usr/lib"/>
    <property name="maven.conf" value="/opt/rh/rh-maven35/root/usr/share/maven/conf"/>
    <property name="jdk.debug" value="release"/>
    <property name="java.class.version" value="55.0"/>
    <property name="java.specification.name" value="Java Platform API Specification"/>
    <property name="sun.management.compiler" value="HotSpot 64-Bit Tiered Compilers"/>
    <property name="os.version" value="4.14.125-1.el7.retpoline.x86_64"/>
    <property name="library.jansi.path" value="/opt/rh/rh-maven35/root/usr/share/maven/lib/jansi-native/linux64"/>
    <property name="user.home" value="/homes/iws/mayki"/>
    <property name="user.timezone" value="America/Los_Angeles"/>
    <property name="java.awt.printerjob" value="sun.print.PSPrinterJob"/>
    <property name="file.encoding" value="UTF-8"/>
    <property name="java.specification.version" value="11"/>
    <property name="user.name" value="mayki"/>
    <property name="java.class.path" value="/opt/rh/rh-maven35/root/usr/share/java/plexus-classworlds.jar"/>
    <property name="java.vm.specification.version" value="11"/>
    <property name="sun.arch.data.model" value="64"/>
    <property name="sun.java.command" value="org.codehaus.plexus.classworlds.launcher.Launcher test"/>
    <property name="java.home" value="/usr/lib/jvm/java-11-openjdk-11.0.5.10-0.el7_7.x86_64"/>
    <property name="user.language" value="en"/>
    <property name="java.specification.vendor" value="Oracle Corporation"/>
    <property name="awt.toolkit" value="sun.awt.X11.XToolkit"/>
    <property name="java.vm.info" value="mixed mode, sharing"/>
    <property name="java.version" value="11.0.5"/>
    <property name="java.vendor" value="Oracle Corporation"/>
    <property name="maven.home" value="/opt/rh/rh-maven35/root/usr/share/maven"/>
    <property name="file.separator" value="/"/>
    <property name="java.version.date" value="2019-10-15"/>
    <property name="java.vendor.url.bug" value="http://bugreport.java.com/bugreport/"/>
    <property name="sun.io.unicode.encoding" value="UnicodeLittle"/>
    <property name="sun.cpu.endian" value="little"/>
    <property name="java.vendor.version" value="18.9"/>
    <property name="sun.cpu.isalist" value=""/>
  </properties>
  <testcase classname="edu.uw.cs.FlightServiceTest" name="runTest[0]" time="3.713"/>
  <testcase classname="edu.uw.cs.FlightServiceTest" name="runTest[1]" time="2.915"/>
  <testcase classname="edu.uw.cs.FlightServiceTest" name="runTest[2]" time="0.242"/>
  <testcase classname="edu.uw.cs.FlightServiceTest" name="runTest[3]" time="0.397"/>
  <testcase classname="edu.uw.cs.FlightServiceTest" name="runTest[4]" time="3.561"/>
  <testcase classname="edu.uw.cs.FlightServiceTest" name="runTest[5]" time="3.233"/>
  <testcase classname="edu.uw.cs.FlightServiceTest" name="runTest[6]" time="0.32"/>
  <testcase classname="edu.uw.cs.FlightServiceTest" name="runTest[7]" time="3.412"/>
  <testcase classname="edu.uw.cs.FlightServiceTest" name="runTest[8]" time="0.449"/>
  <testcase classname="edu.uw.cs.FlightServiceTest" name="runTest[9]" time="3.427"/>
  <testcase classname="edu.uw.cs.FlightServiceTest" name="runTest[10]" time="3.076"/>
  <testcase classname="edu.uw.cs.FlightServiceTest" name="runTest[11]" time="11.155"/>
  <testcase classname="edu.uw.cs.FlightServiceTest" name="runTest[12]" time="3.423"/>
  <testcase classname="edu.uw.cs.FlightServiceTest" name="runTest[13]" time="3.082"/>
  <testcase classname="edu.uw.cs.FlightServiceTest" name="runTest[14]" time="3.009"/>
  <testcase classname="edu.uw.cs.FlightServiceTest" name="runTest[15]" time="0.575"/>
  <testcase classname="edu.uw.cs.FlightServiceTest" name="runTest[16]" time="10.61"/>
  <testcase classname="edu.uw.cs.FlightServiceTest" name="runTest[17]" time="3.552"/>
</testsuite>